This file contains any messages produced by compilers while
running configure, to aid debugging if configure makes a mistake.

It was created by kcptun-raw configure 0.1.0, which was
generated by GNU Autoconf 2.69.  Invocation command line was

  $ ./configure 

## --------- ##
## Platform. ##
## --------- ##

hostname = kali
uname -m = x86_64
uname -r = 4.19.0-kali4-amd64
uname -s = Linux
uname -v = #1 SMP Debian 4.19.28-2kali1 (2019-03-18)

/usr/bin/uname -p = unknown
/bin/uname -X     = unknown

/bin/arch              = x86_64
/usr/bin/arch -k       = unknown
/usr/convex/getsysinfo = unknown
/usr/bin/hostinfo      = unknown
/bin/machine           = unknown
/usr/bin/oslevel       = unknown
/bin/universe          = unknown

PATH: /usr/local/sbin
PATH: /usr/local/bin
PATH: /usr/sbin
PATH: /usr/bin
PATH: /sbin
PATH: /bin


## ----------- ##
## Core tests. ##
## ----------- ##

configure:2384: checking for a BSD-compatible install
configure:2452: result: /usr/bin/install -c
configure:2463: checking whether build environment is sane
configure:2518: result: yes
configure:2667: checking for a thread-safe mkdir -p
configure:2706: result: /usr/bin/mkdir -p
configure:2713: checking for gawk
configure:2729: found /usr/bin/gawk
configure:2740: result: gawk
configure:2751: checking whether make sets $(MAKE)
configure:2773: result: yes
configure:2802: checking whether make supports nested variables
configure:2819: result: yes
configure:2995: checking for gcc
configure:3011: found /usr/bin/gcc
configure:3022: result: gcc
configure:3251: checking for C compiler version
configure:3260: gcc --version >&5
gcc (Debian 8.3.0-6) 8.3.0
Copyright (C) 2018 Free Software Foundation, Inc.
This is free software; see the source for copying conditions.  There is NO
warranty; not even for MERCHANTABILITY or FITNESS FOR A PARTICULAR PURPOSE.

configure:3271: $? = 0
configure:3260: gcc -v >&5
Using built-in specs.
COLLECT_GCC=gcc
COLLECT_LTO_WRAPPER=/usr/lib/gcc/x86_64-linux-gnu/8/lto-wrapper
OFFLOAD_TARGET_NAMES=nvptx-none
OFFLOAD_TARGET_DEFAULT=1
Target: x86_64-linux-gnu
Configured with: ../src/configure -v --with-pkgversion='Debian 8.3.0-6' --with-bugurl=file:///usr/share/doc/gcc-8/README.Bugs --enable-languages=c,ada,c++,go,brig,d,fortran,objc,obj-c++ --prefix=/usr --with-gcc-major-version-only --program-suffix=-8 --program-prefix=x86_64-linux-gnu- --enable-shared --enable-linker-build-id --libexecdir=/usr/lib --without-included-gettext --enable-threads=posix --libdir=/usr/lib --enable-nls --enable-bootstrap --enable-clocale=gnu --enable-libstdcxx-debug --enable-libstdcxx-time=yes --with-default-libstdcxx-abi=new --enable-gnu-unique-object --disable-vtable-verify --enable-libmpx --enable-plugin --enable-default-pie --with-system-zlib --with-target-system-zlib --enable-objc-gc=auto --enable-multiarch --disable-werror --with-arch-32=i686 --with-abi=m64 --with-multilib-list=m32,m64,mx32 --enable-multilib --with-tune=generic --enable-offload-targets=nvptx-none --without-cuda-driver --enable-checking=release --build=x86_64-linux-gnu --host=x86_64-linux-gnu --target=x86_64-linux-gnu
Thread model: posix
gcc version 8.3.0 (Debian 8.3.0-6) 
configure:3271: $? = 0
configure:3260: gcc -V >&5
gcc: error: unrecognized command line option '-V'
gcc: fatal error: no input files
compilation terminated.
configure:3271: $? = 1
configure:3260: gcc -qversion >&5
gcc: error: unrecognized command line option '-qversion'; did you mean '--version'?
gcc: fatal error: no input files
compilation terminated.
configure:3271: $? = 1
configure:3291: checking whether the C compiler works
configure:3313: gcc    conftest.c  >&5
configure:3317: $? = 0
configure:3365: result: yes
configure:3368: checking for C compiler default output file name
configure:3370: result: a.out
configure:3376: checking for suffix of executables
configure:3383: gcc -o conftest    conftest.c  >&5
configure:3387: $? = 0
configure:3409: result: 
configure:3431: checking whether we are cross compiling
configure:3439: gcc -o conftest    conftest.c  >&5
configure:3443: $? = 0
configure:3450: ./conftest
configure:3454: $? = 0
configure:3442: result: no
configure:3447: checking for suffix of object files
configure:3469: gcc -c   conftest.c >&5
configure:3473: $? = 0
configure:3494: result: o
configure:3498: checking whether we are using the GNU C compiler
configure:3517: gcc -c   conftest.c >&5
configure:3517: $? = 0
configure:3526: result: yes
configure:3535: checking whether gcc accepts -g
configure:3555: gcc -c -g  conftest.c >&5
configure:3555: $? = 0
configure:3596: result: yes
configure:3613: checking for gcc option to accept ISO C89
configure:3676: gcc  -c -g -O2  conftest.c >&5
configure:3676: $? = 0
configure:3689: result: none needed
configure:3714: checking whether gcc understands -c and -o together
configure:3736: gcc -c conftest.c -o conftest2.o
configure:3739: $? = 0
configure:3736: gcc -c conftest.c -o conftest2.o
configure:3739: $? = 0
configure:3751: result: yes
configure:3771: checking whether make supports the include directive
configure:3786: make -f confmf.GNU && cat confinc.out
this is the am__doit target
configure:3789: $? = 0
configure:3808: result: yes (GNU style)
configure:3833: checking dependency style of gcc
configure:3944: result: gcc3
configure:3963: checking for ev_loop_destroy in -lev
configure:3988: gcc -o conftest -g -O2   conftest.c -lev   >&5
configure:3988: $? = 0
configure:3997: result: yes
configure:4010: checking for AES_cfb128_encrypt in -lcrypto
configure:4035: gcc -o conftest -g -O2   conftest.c -lcrypto  -lev  >&5
configure:4035: $? = 0
configure:4044: result: yes
configure:4101: checking for ranlib
configure:4117: found /usr/bin/ranlib
configure:4128: result: ranlib
configure:4157: checking how to run the C preprocessor
configure:4188: gcc -E  conftest.c
configure:4188: $? = 0
configure:4202: gcc -E  conftest.c
conftest.c:13:10: fatal error: ac_nonexistent.h: No such file or directory
 #include <ac_nonexistent.h>
          ^~~~~~~~~~~~~~~~~~
compilation terminated.
configure:4202: $? = 1
configure: failed program was:
| /* confdefs.h */
| #define PACKAGE_NAME "kcptun-raw"
| #define PACKAGE_TARNAME "kcptun-raw"
| #define PACKAGE_VERSION "0.1.0"
| #define PACKAGE_STRING "kcptun-raw 0.1.0"
| #define PACKAGE_BUGREPORT "tech@chionlab.moe"
| #define PACKAGE_URL ""
| #define PACKAGE "kcptun-raw"
| #define VERSION "0.1.0"
| #define HAVE_LIBEV 1
| #define HAVE_LIBCRYPTO 1
| /* end confdefs.h.  */
| #include <ac_nonexistent.h>
configure:4227: result: gcc -E
configure:4247: gcc -E  conftest.c
configure:4247: $? = 0
configure:4261: gcc -E  conftest.c
conftest.c:13:10: fatal error: ac_nonexistent.h: No such file or directory
 #include <ac_nonexistent.h>
          ^~~~~~~~~~~~~~~~~~
compilation terminated.
configure:4261: $? = 1
configure: failed program was:
| /* confdefs.h */
| #define PACKAGE_NAME "kcptun-raw"
| #define PACKAGE_TARNAME "kcptun-raw"
| #define PACKAGE_VERSION "0.1.0"
| #define PACKAGE_STRING "kcptun-raw 0.1.0"
| #define PACKAGE_BUGREPORT "tech@chionlab.moe"
| #define PACKAGE_URL ""
| #define PACKAGE "kcptun-raw"
| #define VERSION "0.1.0"
| #define HAVE_LIBEV 1
| #define HAVE_LIBCRYPTO 1
| /* end confdefs.h.  */
| #include <ac_nonexistent.h>
configure:4290: checking for grep that handles long lines and -e
configure:4348: result: /usr/bin/grep
configure:4353: checking for egrep
configure:4415: result: /usr/bin/grep -E
configure:4420: checking for ANSI C header files
configure:4440: gcc -c -g -O2  conftest.c >&5
configure:4440: $? = 0
configure:4513: gcc -o conftest -g -O2   conftest.c -lcrypto -lev  >&5
configure:4513: $? = 0
configure:4513: ./conftest
configure:4513: $? = 0
configure:4524: result: yes
configure:4537: checking for sys/types.h
configure:4537: gcc -c -g -O2  conftest.c >&5
configure:4537: $? = 0
configure:4537: result: yes
configure:4537: checking for sys/stat.h
configure:4537: gcc -c -g -O2  conftest.c >&5
configure:4537: $? = 0
configure:4537: result: yes
configure:4537: checking for stdlib.h
configure:4537: gcc -c -g -O2  conftest.c >&5
configure:4537: $? = 0
configure:4537: result: yes
configure:4537: checking for string.h
configure:4537: gcc -c -g -O2  conftest.c >&5
configure:4537: $? = 0
configure:4537: result: yes
configure:4537: checking for memory.h
configure:4537: gcc -c -g -O2  conftest.c >&5
configure:4537: $? = 0
configure:4537: result: yes
configure:4537: checking for strings.h
configure:4537: gcc -c -g -O2  conftest.c >&5
configure:4537: $? = 0
configure:4537: result: yes
configure:4537: checking for inttypes.h
configure:4537: gcc -c -g -O2  conftest.c >&5
configure:4537: $? = 0
configure:4537: result: yes
configure:4537: checking for stdint.h
configure:4537: gcc -c -g -O2  conftest.c >&5
configure:4537: $? = 0
configure:4537: result: yes
configure:4537: checking for unistd.h
configure:4537: gcc -c -g -O2  conftest.c >&5
configure:4537: $? = 0
configure:4537: result: yes
configure:4551: checking ev.h usability
configure:4551: gcc -c -g -O2  conftest.c >&5
configure:4551: $? = 0
configure:4551: result: yes
configure:4551: checking ev.h presence
configure:4551: gcc -E  conftest.c
configure:4551: $? = 0
configure:4551: result: yes
configure:4551: checking for ev.h
configure:4551: result: yes
configure:4582: checking openssl/aes.h usability
configure:4582: gcc -c -g -O2  conftest.c >&5
configure:4582: $? = 0
configure:4582: result: yes
configure:4582: checking openssl/aes.h presence
configure:4582: gcc -E  conftest.c
configure:4582: $? = 0
configure:4582: result: yes
configure:4582: checking for openssl/aes.h
configure:4582: result: yes
configure:4597: checking arpa/inet.h usability
configure:4597: gcc -c -g -O2  conftest.c >&5
configure:4597: $? = 0
configure:4597: result: yes
configure:4597: checking arpa/inet.h presence
configure:4597: gcc -E  conftest.c
configure:4597: $? = 0
configure:4597: result: yes
configure:4597: checking for arpa/inet.h
configure:4597: result: yes
configure:4597: checking fcntl.h usability
configure:4597: gcc -c -g -O2  conftest.c >&5
configure:4597: $? = 0
configure:4597: result: yes
configure:4597: checking fcntl.h presence
configure:4597: gcc -E  conftest.c
configure:4597: $? = 0
configure:4597: result: yes
configure:4597: checking for fcntl.h
configure:4597: result: yes
configure:4597: checking limits.h usability
configure:4597: gcc -c -g -O2  conftest.c >&5
configure:4597: $? = 0
configure:4597: result: yes
configure:4597: checking limits.h presence
configure:4597: gcc -E  conftest.c
configure:4597: $? = 0
configure:4597: result: yes
configure:4597: checking for limits.h
configure:4597: result: yes
configure:4597: checking netinet/in.h usability
configure:4597: gcc -c -g -O2  conftest.c >&5
configure:4597: $? = 0
configure:4597: result: yes
configure:4597: checking netinet/in.h presence
configure:4597: gcc -E  conftest.c
configure:4597: $? = 0
configure:4597: result: yes
configure:4597: checking for netinet/in.h
configure:4597: result: yes
configure:4597: checking stddef.h usability
configure:4597: gcc -c -g -O2  conftest.c >&5
configure:4597: $? = 0
configure:4597: result: yes
configure:4597: checking stddef.h presence
configure:4597: gcc -E  conftest.c
configure:4597: $? = 0
configure:4597: result: yes
configure:4597: checking for stddef.h
configure:4597: result: yes
configure:4597: checking for stdint.h
configure:4597: result: yes
configure:4597: checking for stdlib.h
configure:4597: result: yes
configure:4597: checking for string.h
configure:4597: result: yes
configure:4597: checking sys/socket.h usability
configure:4597: gcc -c -g -O2  conftest.c >&5
configure:4597: $? = 0
configure:4597: result: yes
configure:4597: checking sys/socket.h presence
configure:4597: gcc -E  conftest.c
configure:4597: $? = 0
configure:4597: result: yes
configure:4597: checking for sys/socket.h
configure:4597: result: yes
configure:4597: checking sys/time.h usability
configure:4597: gcc -c -g -O2  conftest.c >&5
configure:4597: $? = 0
configure:4597: result: yes
configure:4597: checking sys/time.h presence
configure:4597: gcc -E  conftest.c
configure:4597: $? = 0
configure:4597: result: yes
configure:4597: checking for sys/time.h
configure:4597: result: yes
configure:4597: checking for unistd.h
configure:4597: result: yes
configure:4611: checking for inline
configure:4627: gcc -c -g -O2  conftest.c >&5
configure:4627: $? = 0
configure:4635: result: inline
configure:4653: checking for int32_t
configure:4653: gcc -c -g -O2  conftest.c >&5
configure:4653: $? = 0
configure:4653: gcc -c -g -O2  conftest.c >&5
conftest.c: In function 'main':
conftest.c:74:53: warning: integer overflow in expression of type 'int' results in '-2147483648' [-Woverflow]
    < (int32_t) (((((int32_t) 1 << N) << N) - 1) * 2 + 2))];
                                                     ^
conftest.c:73:12: error: storage size of 'test_array' isn't constant
 static int test_array [1 - 2 * !((int32_t) (((((int32_t) 1 << N) << N) - 1) * 2 + 1)
            ^~~~~~~~~~
configure:4653: $? = 1
configure: failed program was:
| /* confdefs.h */
| #define PACKAGE_NAME "kcptun-raw"
| #define PACKAGE_TARNAME "kcptun-raw"
| #define PACKAGE_VERSION "0.1.0"
| #define PACKAGE_STRING "kcptun-raw 0.1.0"
| #define PACKAGE_BUGREPORT "tech@chionlab.moe"
| #define PACKAGE_URL ""
| #define PACKAGE "kcptun-raw"
| #define VERSION "0.1.0"
| #define HAVE_LIBEV 1
| #define HAVE_LIBCRYPTO 1
| #define STDC_HEADERS 1
| #define HAVE_SYS_TYPES_H 1
| #define HAVE_SYS_STAT_H 1
| #define HAVE_STDLIB_H 1
| #define HAVE_STRING_H 1
| #define HAVE_MEMORY_H 1
| #define HAVE_STRINGS_H 1
| #define HAVE_INTTYPES_H 1
| #define HAVE_STDINT_H 1
| #define HAVE_UNISTD_H 1
| #define HAVE_EV_H 1
| #define HAVE_OPENSSL_AES_H 1
| #define HAVE_ARPA_INET_H 1
| #define HAVE_FCNTL_H 1
| #define HAVE_LIMITS_H 1
| #define HAVE_NETINET_IN_H 1
| #define HAVE_STDDEF_H 1
| #define HAVE_STDINT_H 1
| #define HAVE_STDLIB_H 1
| #define HAVE_STRING_H 1
| #define HAVE_SYS_SOCKET_H 1
| #define HAVE_SYS_TIME_H 1
| #define HAVE_UNISTD_H 1
| /* end confdefs.h.  */
| #include <stdio.h>
| #ifdef HAVE_SYS_TYPES_H
| # include <sys/types.h>
| #endif
| #ifdef HAVE_SYS_STAT_H
| # include <sys/stat.h>
| #endif
| #ifdef STDC_HEADERS
| # include <stdlib.h>
| # include <stddef.h>
| #else
| # ifdef HAVE_STDLIB_H
| #  include <stdlib.h>
| # endif
| #endif
| #ifdef HAVE_STRING_H
| # if !defined STDC_HEADERS && defined HAVE_MEMORY_H
| #  include <memory.h>
| # endif
| # include <string.h>
| #endif
| #ifdef HAVE_STRINGS_H
| # include <strings.h>
| #endif
| #ifdef HAVE_INTTYPES_H
| # include <inttypes.h>
| #endif
| #ifdef HAVE_STDINT_H
| # include <stdint.h>
| #endif
| #ifdef HAVE_UNISTD_H
| # include <unistd.h>
| #endif
| 	        enum { N = 32 / 2 - 1 };
| int
| main ()
| {
| static int test_array [1 - 2 * !((int32_t) (((((int32_t) 1 << N) << N) - 1) * 2 + 1)
| 		 < (int32_t) (((((int32_t) 1 << N) << N) - 1) * 2 + 2))];
| test_array [0] = 0;
| return test_array [0];
| 
|   ;
|   return 0;
| }
configure:4653: result: yes
configure:4664: checking for size_t
configure:4664: gcc -c -g -O2  conftest.c >&5
configure:4664: $? = 0
configure:4664: gcc -c -g -O2  conftest.c >&5
conftest.c: In function 'main':
conftest.c:72:21: error: expected expression before ')' token
 if (sizeof ((size_t)))
                     ^
configure:4664: $? = 1
configure: failed program was:
| /* confdefs.h */
| #define PACKAGE_NAME "kcptun-raw"
| #define PACKAGE_TARNAME "kcptun-raw"
| #define PACKAGE_VERSION "0.1.0"
| #define PACKAGE_STRING "kcptun-raw 0.1.0"
| #define PACKAGE_BUGREPORT "tech@chionlab.moe"
| #define PACKAGE_URL ""
| #define PACKAGE "kcptun-raw"
| #define VERSION "0.1.0"
| #define HAVE_LIBEV 1
| #define HAVE_LIBCRYPTO 1
| #define STDC_HEADERS 1
| #define HAVE_SYS_TYPES_H 1
| #define HAVE_SYS_STAT_H 1
| #define HAVE_STDLIB_H 1
| #define HAVE_STRING_H 1
| #define HAVE_MEMORY_H 1
| #define HAVE_STRINGS_H 1
| #define HAVE_INTTYPES_H 1
| #define HAVE_STDINT_H 1
| #define HAVE_UNISTD_H 1
| #define HAVE_EV_H 1
| #define HAVE_OPENSSL_AES_H 1
| #define HAVE_ARPA_INET_H 1
| #define HAVE_FCNTL_H 1
| #define HAVE_LIMITS_H 1
| #define HAVE_NETINET_IN_H 1
| #define HAVE_STDDEF_H 1
| #define HAVE_STDINT_H 1
| #define HAVE_STDLIB_H 1
| #define HAVE_STRING_H 1
| #define HAVE_SYS_SOCKET_H 1
| #define HAVE_SYS_TIME_H 1
| #define HAVE_UNISTD_H 1
| /* end confdefs.h.  */
| #include <stdio.h>
| #ifdef HAVE_SYS_TYPES_H
| # include <sys/types.h>
| #endif
| #ifdef HAVE_SYS_STAT_H
| # include <sys/stat.h>
| #endif
| #ifdef STDC_HEADERS
| # include <stdlib.h>
| # include <stddef.h>
| #else
| # ifdef HAVE_STDLIB_H
| #  include <stdlib.h>
| # endif
| #endif
| #ifdef HAVE_STRING_H
| # if !defined STDC_HEADERS && defined HAVE_MEMORY_H
| #  include <memory.h>
| # endif
| # include <string.h>
| #endif
| #ifdef HAVE_STRINGS_H
| # include <strings.h>
| #endif
| #ifdef HAVE_INTTYPES_H
| # include <inttypes.h>
| #endif
| #ifdef HAVE_STDINT_H
| # include <stdint.h>
| #endif
| #ifdef HAVE_UNISTD_H
| # include <unistd.h>
| #endif
| int
| main ()
| {
| if (sizeof ((size_t)))
| 	    return 0;
|   ;
|   return 0;
| }
configure:4664: result: yes
configure:4675: checking for uint16_t
configure:4675: gcc -c -g -O2  conftest.c >&5
configure:4675: $? = 0
configure:4675: result: yes
configure:4687: checking for uint32_t
configure:4687: gcc -c -g -O2  conftest.c >&5
configure:4687: $? = 0
configure:4687: result: yes
configure:4708: checking for malloc
configure:4708: gcc -o conftest -g -O2   conftest.c -lcrypto -lev  >&5
conftest.c:59:6: warning: conflicting types for built-in function 'malloc' [-Wbuiltin-declaration-mismatch]
 char malloc ();
      ^~~~~~
configure:4708: $? = 0
configure:4708: result: yes
configure:4708: checking for realloc
configure:4708: gcc -o conftest -g -O2   conftest.c -lcrypto -lev  >&5
conftest.c:60:6: warning: conflicting types for built-in function 'realloc' [-Wbuiltin-declaration-mismatch]
 char realloc ();
      ^~~~~~~
configure:4708: $? = 0
configure:4708: result: yes
configure:4708: checking for bzero
configure:4708: gcc -o conftest -g -O2   conftest.c -lcrypto -lev  >&5
conftest.c:61:6: warning: conflicting types for built-in function 'bzero' [-Wbuiltin-declaration-mismatch]
 char bzero ();
      ^~~~~
configure:4708: $? = 0
configure:4708: result: yes
configure:4708: checking for gettimeofday
configure:4708: gcc -o conftest -g -O2   conftest.c -lcrypto -lev  >&5
configure:4708: $? = 0
configure:4708: result: yes
configure:4708: checking for inet_ntoa
configure:4708: gcc -o conftest -g -O2   conftest.c -lcrypto -lev  >&5
configure:4708: $? = 0
configure:4708: result: yes
configure:4708: checking for memmove
configure:4708: gcc -o conftest -g -O2   conftest.c -lcrypto -lev  >&5
conftest.c:64:6: warning: conflicting types for built-in function 'memmove' [-Wbuiltin-declaration-mismatch]
 char memmove ();
      ^~~~~~~
configure:4708: $? = 0
configure:4708: result: yes
configure:4708: checking for memset
configure:4708: gcc -o conftest -g -O2   conftest.c -lcrypto -lev  >&5
conftest.c:65:6: warning: conflicting types for built-in function 'memset' [-Wbuiltin-declaration-mismatch]
 char memset ();
      ^~~~~~
configure:4708: $? = 0
configure:4708: result: yes
configure:4708: checking for socket
configure:4708: gcc -o conftest -g -O2   conftest.c -lcrypto -lev  >&5
configure:4708: $? = 0
configure:4708: result: yes
configure:4821: checking that generated files are newer than configure
configure:4827: result: done
configure:4850: creating ./config.status

## ---------------------- ##
## Running config.status. ##
## ---------------------- ##

This file was extended by kcptun-raw config.status 0.1.0, which was
generated by GNU Autoconf 2.69.  Invocation command line was

  CONFIG_FILES    = 
  CONFIG_HEADERS  = 
  CONFIG_LINKS    = 
  CONFIG_COMMANDS = 
  $ ./config.status 

on kali

config.status:874: creating Makefile
config.status:874: creating src/Makefile
config.status:874: creating src/config.h
config.status:1103: executing depfiles commands
config.status:1180: cd src       && sed -e '/# am--include-marker/d' Makefile         | make -f - am--depfiles
config.status:1185: $? = 0

## ---------------- ##
## Cache variables. ##
## ---------------- ##

ac_cv_c_compiler_gnu=yes
ac_cv_c_inline=inline
ac_cv_c_int32_t=yes
ac_cv_c_uint16_t=yes
ac_cv_c_uint32_t=yes
ac_cv_env_CC_set=
ac_cv_env_CC_value=
ac_cv_env_CFLAGS_set=
ac_cv_env_CFLAGS_value=
ac_cv_env_CPPFLAGS_set=
ac_cv_env_CPPFLAGS_value=
ac_cv_env_CPP_set=
ac_cv_env_CPP_value=
ac_cv_env_LDFLAGS_set=
ac_cv_env_LDFLAGS_value=
ac_cv_env_LIBS_set=
ac_cv_env_LIBS_value=
ac_cv_env_build_alias_set=
ac_cv_env_build_alias_value=
ac_cv_env_host_alias_set=
ac_cv_env_host_alias_value=
ac_cv_env_target_alias_set=
ac_cv_env_target_alias_value=
ac_cv_func_bzero=yes
ac_cv_func_gettimeofday=yes
ac_cv_func_inet_ntoa=yes
ac_cv_func_malloc=yes
ac_cv_func_memmove=yes
ac_cv_func_memset=yes
ac_cv_func_realloc=yes
ac_cv_func_socket=yes
ac_cv_header_arpa_inet_h=yes
ac_cv_header_ev_h=yes
ac_cv_header_fcntl_h=yes
ac_cv_header_inttypes_h=yes
ac_cv_header_limits_h=yes
ac_cv_header_memory_h=yes
ac_cv_header_netinet_in_h=yes
ac_cv_header_openssl_aes_h=yes
ac_cv_header_stdc=yes
ac_cv_header_stddef_h=yes
ac_cv_header_stdint_h=yes
ac_cv_header_stdlib_h=yes
ac_cv_header_string_h=yes
ac_cv_header_strings_h=yes
ac_cv_header_sys_socket_h=yes
ac_cv_header_sys_stat_h=yes
ac_cv_header_sys_time_h=yes
ac_cv_header_sys_types_h=yes
ac_cv_header_unistd_h=yes
ac_cv_lib_crypto_AES_cfb128_encrypt=yes
ac_cv_lib_ev_ev_loop_destroy=yes
ac_cv_objext=o
ac_cv_path_EGREP='/usr/bin/grep -E'
ac_cv_path_GREP=/usr/bin/grep
ac_cv_path_install='/usr/bin/install -c'
ac_cv_path_mkdir=/usr/bin/mkdir
ac_cv_prog_AWK=gawk
ac_cv_prog_CPP='gcc -E'
ac_cv_prog_ac_ct_CC=gcc
ac_cv_prog_ac_ct_RANLIB=ranlib
ac_cv_prog_cc_c89=
ac_cv_prog_cc_g=yes
ac_cv_prog_make_make_set=yes
ac_cv_type_size_t=yes
am_cv_CC_dependencies_compiler_type=gcc3
am_cv_make_support_nested_variables=yes
am_cv_prog_cc_c_o=yes

## ----------------- ##
## Output variables. ##
## ----------------- ##

ACLOCAL='${SHELL} /root/Documents/kcptun-raw/missing aclocal-1.16'
AMDEPBACKSLASH='\'
AMDEP_FALSE='#'
AMDEP_TRUE=''
AMTAR='$${TAR-tar}'
AM_BACKSLASH='\'
AM_DEFAULT_V='$(AM_DEFAULT_VERBOSITY)'
AM_DEFAULT_VERBOSITY='1'
AM_V='$(V)'
AUTOCONF='${SHELL} /root/Documents/kcptun-raw/missing autoconf'
AUTOHEADER='${SHELL} /root/Documents/kcptun-raw/missing autoheader'
AUTOMAKE='${SHELL} /root/Documents/kcptun-raw/missing automake-1.16'
AWK='gawk'
CC='gcc'
CCDEPMODE='depmode=gcc3'
CFLAGS='-g -O2'
CPP='gcc -E'
CPPFLAGS=''
CYGPATH_W='echo'
DEFS='-DHAVE_CONFIG_H'
DEPDIR='.deps'
ECHO_C=''
ECHO_N='-n'
ECHO_T=''
EGREP='/usr/bin/grep -E'
EXEEXT=''
GREP='/usr/bin/grep'
INSTALL_DATA='${INSTALL} -m 644'
INSTALL_PROGRAM='${INSTALL}'
INSTALL_SCRIPT='${INSTALL}'
INSTALL_STRIP_PROGRAM='$(install_sh) -c -s'
LDFLAGS=''
LIBOBJS=''
LIBS='-lcrypto -lev '
LTLIBOBJS=''
MAKEINFO='${SHELL} /root/Documents/kcptun-raw/missing makeinfo'
MKDIR_P='/usr/bin/mkdir -p'
OBJEXT='o'
PACKAGE='kcptun-raw'
PACKAGE_BUGREPORT='tech@chionlab.moe'
PACKAGE_NAME='kcptun-raw'
PACKAGE_STRING='kcptun-raw 0.1.0'
PACKAGE_TARNAME='kcptun-raw'
PACKAGE_URL=''
PACKAGE_VERSION='0.1.0'
PATH_SEPARATOR=':'
RANLIB='ranlib'
SET_MAKE=''
SHELL='/bin/bash'
STRIP=''
VERSION='0.1.0'
ac_ct_CC='gcc'
am__EXEEXT_FALSE=''
am__EXEEXT_TRUE='#'
am__fastdepCC_FALSE='#'
am__fastdepCC_TRUE=''
am__include='include'
am__isrc=''
am__leading_dot='.'
am__nodep='_no'
am__quote=''
am__tar='$${TAR-tar} chof - "$$tardir"'
am__untar='$${TAR-tar} xf -'
bindir='${exec_prefix}/bin'
build_alias=''
datadir='${datarootdir}'
datarootdir='${prefix}/share'
docdir='${datarootdir}/doc/${PACKAGE_TARNAME}'
dvidir='${docdir}'
exec_prefix='${prefix}'
host_alias=''
htmldir='${docdir}'
includedir='${prefix}/include'
infodir='${datarootdir}/info'
install_sh='${SHELL} /root/Documents/kcptun-raw/install-sh'
libdir='${exec_prefix}/lib'
libexecdir='${exec_prefix}/libexec'
localedir='${datarootdir}/locale'
localstatedir='${prefix}/var'
mandir='${datarootdir}/man'
mkdir_p='$(MKDIR_P)'
oldincludedir='/usr/include'
pdfdir='${docdir}'
prefix='/usr/local'
program_transform_name='s,x,x,'
psdir='${docdir}'
runstatedir='${localstatedir}/run'
sbindir='${exec_prefix}/sbin'
sharedstatedir='${prefix}/com'
sysconfdir='${prefix}/etc'
target_alias=''

## ----------- ##
## confdefs.h. ##
## ----------- ##

/* confdefs.h */
#define PACKAGE_NAME "kcptun-raw"
#define PACKAGE_TARNAME "kcptun-raw"
#define PACKAGE_VERSION "0.1.0"
#define PACKAGE_STRING "kcptun-raw 0.1.0"
#define PACKAGE_BUGREPORT "tech@chionlab.moe"
#define PACKAGE_URL ""
#define PACKAGE "kcptun-raw"
#define VERSION "0.1.0"
#define HAVE_LIBEV 1
#define HAVE_LIBCRYPTO 1
#define STDC_HEADERS 1
#define HAVE_SYS_TYPES_H 1
#define HAVE_SYS_STAT_H 1
#define HAVE_STDLIB_H 1
#define HAVE_STRING_H 1
#define HAVE_MEMORY_H 1
#define HAVE_STRINGS_H 1
#define HAVE_INTTYPES_H 1
#define HAVE_STDINT_H 1
#define HAVE_UNISTD_H 1
#define HAVE_EV_H 1
#define HAVE_OPENSSL_AES_H 1
#define HAVE_ARPA_INET_H 1
#define HAVE_FCNTL_H 1
#define HAVE_LIMITS_H 1
#define HAVE_NETINET_IN_H 1
#define HAVE_STDDEF_H 1
#define HAVE_STDINT_H 1
#define HAVE_STDLIB_H 1
#define HAVE_STRING_H 1
#define HAVE_SYS_SOCKET_H 1
#define HAVE_SYS_TIME_H 1
#define HAVE_UNISTD_H 1
#define HAVE_MALLOC 1
#define HAVE_REALLOC 1
#define HAVE_BZERO 1
#define HAVE_GETTIMEOFDAY 1
#define HAVE_INET_NTOA 1
#define HAVE_MEMMOVE 1
#define HAVE_MEMSET 1
#define HAVE_SOCKET 1

configure: exit 0
